<?xml version="1.0" encoding="UTF-8"?>
<testng-results ignored="0" total="1" passed="1" failed="0" skipped="0">
  <reporter-output>
  </reporter-output>
  <suite started-at="2019-04-27T18:21:42Z" name="Suite" finished-at="2019-04-27T18:21:53Z" duration-ms="10393">
    <groups>
    </groups>
    <test started-at="2019-04-27T18:21:42Z" name="AddContactInformation" finished-at="2019-04-27T18:21:53Z" duration-ms="10393">
      <class name="test.AddContactTest">
        <test-method signature="AddContactInformation(java.lang.String, java.lang.String, java.lang.String, java.lang.String, java.lang.String, java.lang.String, java.lang.String, java.lang.String, java.lang.String, java.lang.String)[pri:0, instance:test.AddContactTest@2a54a73f]" started-at="2019-04-27T18:21:42Z" name="AddContactInformation" finished-at="2019-04-27T18:21:53Z" duration-ms="10359" status="PASS">
          <params>
            <param index="0">
              <value>
                <![CDATA[techfiosdemo@gmail.com]]>
              </value>
            </param>
            <param index="1">
              <value>
                <![CDATA[abc123]]>
              </value>
            </param>
            <param index="2">
              <value>
                <![CDATA[John Smith]]>
              </value>
            </param>
            <param index="3">
              <value>
                <![CDATA[Nokia]]>
              </value>
            </param>
            <param index="4">
              <value>
                <![CDATA[john@gmail.com]]>
              </value>
            </param>
            <param index="5">
              <value>
                <![CDATA[3345545454]]>
              </value>
            </param>
            <param index="6">
              <value>
                <![CDATA[315 Finley]]>
              </value>
            </param>
            <param index="7">
              <value>
                <![CDATA[Dallas]]>
              </value>
            </param>
            <param index="8">
              <value>
                <![CDATA[Texas]]>
              </value>
            </param>
            <param index="9">
              <value>
                <![CDATA[75038]]>
              </value>
            </param>
          </params>
          <reporter-output>
          </reporter-output>
        </test-method> <!-- AddContactInformation -->
      </class> <!-- test.AddContactTest -->
    </test> <!-- AddContactInformation -->
  </suite> <!-- Suite -->
</testng-results>
